2025-07-18T10:47:57.132+07:00  INFO 11936 --- [main] o.c.c.ChungTayPhongNguaApplication       : Starting ChungTayPhongNguaApplication using Java 21.0.7 with PID 11936 (C:\Users\jefft\Documents\SWPDEMO\backend\target\classes started by jefft in C:\Users\jefft\Documents\SWPDEMO\backend)
2025-07-18T10:47:57.135+07:00 DEBUG 11936 --- [main] o.c.c.ChungTayPhongNguaApplication       : Running with Spring Boot v3.2.0, Spring v6.1.1
2025-07-18T10:47:57.143+07:00  INFO 11936 --- [main] o.c.c.ChungTayPhongNguaApplication       : No active profile set, falling back to 1 default profile: "default"
2025-07-18T10:47:58.104+07:00  INFO 11936 --- [main] .s.d.r.c.RepositoryConfigurationDelegate : Bootstrapping Spring Data JPA repositories in DEFAULT mode.
2025-07-18T10:47:58.216+07:00  INFO 11936 --- [main] .s.d.r.c.RepositoryConfigurationDelegate : Finished Spring Data repository scanning in 98 ms. Found 13 JPA repository interfaces.
2025-07-18T10:47:59.795+07:00  INFO 11936 --- [main] o.s.b.w.embedded.tomcat.TomcatWebServer  : Tomcat initialized with port 8080 (http)
2025-07-18T10:47:59.811+07:00  INFO 11936 --- [main] o.apache.catalina.core.StandardService   : Starting service [Tomcat]
2025-07-18T10:47:59.811+07:00  INFO 11936 --- [main] o.apache.catalina.core.StandardEngine    : Starting Servlet engine: [Apache Tomcat/10.1.16]
2025-07-18T10:47:59.923+07:00  INFO 11936 --- [main] o.a.c.c.C.[Tomcat].[localhost].[/api]    : Initializing Spring embedded WebApplicationContext
2025-07-18T10:47:59.923+07:00  INFO 11936 --- [main] w.s.c.ServletWebServerApplicationContext : Root WebApplicationContext: initialization completed in 2708 ms
2025-07-18T10:48:00.260+07:00 DEBUG 11936 --- [main] o.c.c.security.JwtRequestFilter          : Filter 'jwtRequestFilter' configured for use
2025-07-18T10:48:00.460+07:00  INFO 11936 --- [main] o.hibernate.jpa.internal.util.LogHelper  : HHH000204: Processing PersistenceUnitInfo [name: default]
2025-07-18T10:48:00.557+07:00  INFO 11936 --- [main] org.hibernate.Version                    : HHH000412: Hibernate ORM core version 6.3.1.Final
2025-07-18T10:48:00.621+07:00  INFO 11936 --- [main] o.h.c.internal.RegionFactoryInitiator    : HHH000026: Second-level cache disabled
2025-07-18T10:48:00.989+07:00  INFO 11936 --- [main] o.s.o.j.p.SpringPersistenceUnitInfo      : No LoadTimeWeaver setup: ignoring JPA class transformer
2025-07-18T10:48:01.037+07:00  INFO 11936 --- [main] com.zaxxer.hikari.HikariDataSource       : HikariPool-1 - Starting...
2025-07-18T10:48:01.286+07:00  INFO 11936 --- [main] com.zaxxer.hikari.pool.HikariPool        : HikariPool-1 - Added connection org.postgresql.jdbc.PgConnection@5c5f12e
2025-07-18T10:48:01.286+07:00  INFO 11936 --- [main] com.zaxxer.hikari.HikariDataSource       : HikariPool-1 - Start completed.
2025-07-18T10:48:01.374+07:00  WARN 11936 --- [main] org.hibernate.orm.deprecation            : HHH90000025: PostgreSQLDialect does not need to be specified explicitly using 'hibernate.dialect' (remove the property setting and it will be selected by default)
2025-07-18T10:48:02.956+07:00  INFO 11936 --- [main] o.h.e.t.j.p.i.JtaPlatformInitiator       : HHH000489: No JTA platform available (set 'hibernate.transaction.jta.platform' to enable JTA platform integration)
2025-07-18T10:48:03.324+07:00  INFO 11936 --- [main] j.LocalContainerEntityManagerFactoryBean : Initialized JPA EntityManagerFactory for persistence unit 'default'
2025-07-18T10:48:03.772+07:00  INFO 11936 --- [main] o.s.d.j.r.query.QueryEnhancerFactory     : Hibernate is in classpath; If applicable, HQL parser will be used.
2025-07-18T10:48:05.788+07:00  WARN 11936 --- [main] JpaBaseConfiguration$JpaWebConfiguration : spring.jpa.open-in-view is enabled by default. Therefore, database queries may be performed during view rendering. Explicitly configure spring.jpa.open-in-view to disable this warning
2025-07-18T10:48:06.380+07:00  INFO 11936 --- [main] o.s.b.a.e.web.EndpointLinksResolver      : Exposing 3 endpoint(s) beneath base path '/actuator'
2025-07-18T10:48:06.476+07:00  INFO 11936 --- [main] o.s.s.web.DefaultSecurityFilterChain     : Will secure any request with [org.springframework.security.web.session.DisableEncodeUrlFilter@bf2677f, org.springframework.security.web.context.request.async.WebAsyncManagerIntegrationFilter@78277966, org.springframework.security.web.context.SecurityContextHolderFilter@36d405a8, org.springframework.security.web.header.HeaderWriterFilter@69e780ff, org.springframework.web.filter.CorsFilter@3360b45f, org.springframework.security.web.authentication.logout.LogoutFilter@1930dca9, org.ctpn.chungtayphongngua.security.JwtRequestFilter@773eca84, org.springframework.security.web.savedrequest.RequestCacheAwareFilter@25cd8307, org.springframework.security.web.servletapi.SecurityContextHolderAwareRequestFilter@34a69db, org.springframework.security.web.authentication.AnonymousAuthenticationFilter@53016b28, org.springframework.security.web.session.SessionManagementFilter@77e9ab, org.springframework.security.web.access.ExceptionTranslationFilter@77454dbf, org.springframework.security.web.access.intercept.AuthorizationFilter@28059ada]
2025-07-18T10:48:07.125+07:00  INFO 11936 --- [main] o.s.b.w.embedded.tomcat.TomcatWebServer  : Tomcat started on port 8080 (http) with context path '/api'
2025-07-18T10:48:07.133+07:00  INFO 11936 --- [main] o.c.c.ChungTayPhongNguaApplication       : Started ChungTayPhongNguaApplication in 10.594 seconds (process running for 11.197)
2025-07-18T10:48:11.738+07:00  INFO 11936 --- [http-nio-8080-exec-1] o.a.c.c.C.[Tomcat].[localhost].[/api]    : Initializing Spring DispatcherServlet 'dispatcherServlet'
2025-07-18T10:48:11.738+07:00  INFO 11936 --- [http-nio-8080-exec-1] o.s.web.servlet.DispatcherServlet        : Initializing Servlet 'dispatcherServlet'
2025-07-18T10:48:11.738+07:00  INFO 11936 --- [http-nio-8080-exec-1] o.s.web.servlet.DispatcherServlet        : Completed initialization in 0 ms
2025-07-18T10:48:11.754+07:00 DEBUG 11936 --- [http-nio-8080-exec-1] o.s.security.web.FilterChainProxy        : Securing OPTIONS /homepage/data
2025-07-18T10:48:12.057+07:00 DEBUG 11936 --- [http-nio-8080-exec-2] o.s.security.web.FilterChainProxy        : Securing GET /homepage/data
2025-07-18T10:48:12.073+07:00 DEBUG 11936 --- [http-nio-8080-exec-2] o.s.s.w.a.AnonymousAuthenticationFilter  : Set SecurityContextHolder to anonymous SecurityContext
2025-07-18T10:48:12.073+07:00  WARN 11936 --- [http-nio-8080-exec-2] o.s.w.s.h.HandlerMappingIntrospector     : Cache miss for REQUEST dispatch to '/api/homepage/data' (previous null). Performing MatchableHandlerMapping lookup. This is logged once only at WARN level, and every time at TRACE.
2025-07-18T10:48:12.089+07:00 DEBUG 11936 --- [http-nio-8080-exec-2] o.s.security.web.FilterChainProxy        : Secured GET /homepage/data
2025-07-18T10:48:12.201+07:00 DEBUG 11936 --- [http-nio-8080-exec-4] o.s.security.web.FilterChainProxy        : Securing GET /homepage/data
2025-07-18T10:48:12.201+07:00 DEBUG 11936 --- [http-nio-8080-exec-4] o.s.s.w.a.AnonymousAuthenticationFilter  : Set SecurityContextHolder to anonymous SecurityContext
2025-07-18T10:48:12.209+07:00 DEBUG 11936 --- [http-nio-8080-exec-4] o.s.security.web.FilterChainProxy        : Secured GET /homepage/data
2025-07-18T10:48:17.161+07:00 DEBUG 11936 --- [http-nio-8080-exec-5] o.s.security.web.FilterChainProxy        : Securing OPTIONS /courses?page=0&size=9
2025-07-18T10:48:17.169+07:00 DEBUG 11936 --- [http-nio-8080-exec-6] o.s.security.web.FilterChainProxy        : Securing GET /courses?page=0&size=9
2025-07-18T10:48:17.177+07:00 DEBUG 11936 --- [http-nio-8080-exec-6] o.s.s.w.a.AnonymousAuthenticationFilter  : Set SecurityContextHolder to anonymous SecurityContext
2025-07-18T10:48:17.185+07:00 DEBUG 11936 --- [http-nio-8080-exec-6] o.s.security.web.FilterChainProxy        : Secured GET /courses?page=0&size=9
2025-07-18T10:48:17.273+07:00 DEBUG 11936 --- [http-nio-8080-exec-7] o.s.security.web.FilterChainProxy        : Securing GET /courses?page=0&size=9
2025-07-18T10:48:17.281+07:00 DEBUG 11936 --- [http-nio-8080-exec-7] o.s.s.w.a.AnonymousAuthenticationFilter  : Set SecurityContextHolder to anonymous SecurityContext
2025-07-18T10:48:17.289+07:00 DEBUG 11936 --- [http-nio-8080-exec-7] o.s.security.web.FilterChainProxy        : Secured GET /courses?page=0&size=9
2025-07-18T10:48:17.987+07:00 DEBUG 11936 --- [http-nio-8080-exec-8] o.s.security.web.FilterChainProxy        : Securing GET /consultations/consultants
2025-07-18T10:48:17.995+07:00 DEBUG 11936 --- [http-nio-8080-exec-8] o.s.s.w.a.AnonymousAuthenticationFilter  : Set SecurityContextHolder to anonymous SecurityContext
2025-07-18T10:48:18.026+07:00 DEBUG 11936 --- [http-nio-8080-exec-8] o.s.security.web.FilterChainProxy        : Securing GET /error
2025-07-18T10:48:18.026+07:00 DEBUG 11936 --- [http-nio-8080-exec-8] o.s.security.web.FilterChainProxy        : Secured GET /error
2025-07-18T10:48:18.042+07:00 DEBUG 11936 --- [http-nio-8080-exec-8] o.s.s.w.a.AnonymousAuthenticationFilter  : Set SecurityContextHolder to anonymous SecurityContext
2025-07-18T10:48:18.050+07:00 DEBUG 11936 --- [http-nio-8080-exec-9] o.s.security.web.FilterChainProxy        : Securing GET /consultations/consultants
2025-07-18T10:48:18.058+07:00 DEBUG 11936 --- [http-nio-8080-exec-9] o.s.s.w.a.AnonymousAuthenticationFilter  : Set SecurityContextHolder to anonymous SecurityContext
2025-07-18T10:48:18.066+07:00 DEBUG 11936 --- [http-nio-8080-exec-9] o.s.security.web.FilterChainProxy        : Securing GET /error
2025-07-18T10:48:18.074+07:00 DEBUG 11936 --- [http-nio-8080-exec-9] o.s.security.web.FilterChainProxy        : Secured GET /error
2025-07-18T10:48:18.074+07:00 DEBUG 11936 --- [http-nio-8080-exec-9] o.s.s.w.a.AnonymousAuthenticationFilter  : Set SecurityContextHolder to anonymous SecurityContext
2025-07-18T10:48:18.831+07:00 DEBUG 11936 --- [http-nio-8080-exec-10] o.s.security.web.FilterChainProxy        : Securing GET /blog/public?page=0&size=10
2025-07-18T10:48:18.831+07:00 DEBUG 11936 --- [http-nio-8080-exec-1] o.s.security.web.FilterChainProxy        : Securing GET /blog/categories
2025-07-18T10:48:18.847+07:00 DEBUG 11936 --- [http-nio-8080-exec-10] o.s.s.w.a.AnonymousAuthenticationFilter  : Set SecurityContextHolder to anonymous SecurityContext
2025-07-18T10:48:18.855+07:00 DEBUG 11936 --- [http-nio-8080-exec-10] o.s.security.web.FilterChainProxy        : Secured GET /blog/public?page=0&size=10
2025-07-18T10:48:18.871+07:00 DEBUG 11936 --- [http-nio-8080-exec-1] o.s.s.w.a.AnonymousAuthenticationFilter  : Set SecurityContextHolder to anonymous SecurityContext
2025-07-18T10:48:18.879+07:00 DEBUG 11936 --- [http-nio-8080-exec-1] o.s.security.web.FilterChainProxy        : Secured GET /blog/categories
2025-07-18T10:48:18.912+07:00 DEBUG 11936 --- [http-nio-8080-exec-2] o.s.security.web.FilterChainProxy        : Securing GET /blog/public?page=0&size=10
2025-07-18T10:48:18.912+07:00 DEBUG 11936 --- [http-nio-8080-exec-3] o.s.security.web.FilterChainProxy        : Securing GET /blog/categories
2025-07-18T10:48:18.920+07:00 DEBUG 11936 --- [http-nio-8080-exec-2] o.s.s.w.a.AnonymousAuthenticationFilter  : Set SecurityContextHolder to anonymous SecurityContext
2025-07-18T10:48:18.920+07:00 DEBUG 11936 --- [http-nio-8080-exec-3] o.s.s.w.a.AnonymousAuthenticationFilter  : Set SecurityContextHolder to anonymous SecurityContext
2025-07-18T10:48:18.925+07:00 DEBUG 11936 --- [http-nio-8080-exec-3] o.s.security.web.FilterChainProxy        : Secured GET /blog/categories
2025-07-18T10:48:18.925+07:00 DEBUG 11936 --- [http-nio-8080-exec-2] o.s.security.web.FilterChainProxy        : Secured GET /blog/public?page=0&size=10
2025-07-18T10:48:19.924+07:00 DEBUG 11936 --- [http-nio-8080-exec-4] o.s.security.web.FilterChainProxy        : Securing GET /surveys/public
2025-07-18T10:48:19.924+07:00 DEBUG 11936 --- [http-nio-8080-exec-4] o.s.s.w.a.AnonymousAuthenticationFilter  : Set SecurityContextHolder to anonymous SecurityContext
2025-07-18T10:48:19.924+07:00 DEBUG 11936 --- [http-nio-8080-exec-4] o.s.security.web.FilterChainProxy        : Secured GET /surveys/public
2025-07-18T10:48:19.949+07:00 DEBUG 11936 --- [http-nio-8080-exec-5] o.s.security.web.FilterChainProxy        : Securing GET /surveys/public
2025-07-18T10:48:19.957+07:00 DEBUG 11936 --- [http-nio-8080-exec-5] o.s.s.w.a.AnonymousAuthenticationFilter  : Set SecurityContextHolder to anonymous SecurityContext
2025-07-18T10:48:19.957+07:00 DEBUG 11936 --- [http-nio-8080-exec-5] o.s.security.web.FilterChainProxy        : Secured GET /surveys/public
2025-07-18T10:48:21.077+07:00 DEBUG 11936 --- [http-nio-8080-exec-6] o.s.security.web.FilterChainProxy        : Securing GET /consultations/consultants
2025-07-18T10:48:21.077+07:00 DEBUG 11936 --- [http-nio-8080-exec-7] o.s.security.web.FilterChainProxy        : Securing GET /consultations/consultants
2025-07-18T10:48:21.085+07:00 DEBUG 11936 --- [http-nio-8080-exec-6] o.s.s.w.a.AnonymousAuthenticationFilter  : Set SecurityContextHolder to anonymous SecurityContext
2025-07-18T10:48:21.093+07:00 DEBUG 11936 --- [http-nio-8080-exec-7] o.s.s.w.a.AnonymousAuthenticationFilter  : Set SecurityContextHolder to anonymous SecurityContext
2025-07-18T10:48:21.101+07:00 DEBUG 11936 --- [http-nio-8080-exec-6] o.s.security.web.FilterChainProxy        : Securing GET /error
2025-07-18T10:48:21.101+07:00 DEBUG 11936 --- [http-nio-8080-exec-7] o.s.security.web.FilterChainProxy        : Securing GET /error
2025-07-18T10:48:21.101+07:00 DEBUG 11936 --- [http-nio-8080-exec-6] o.s.security.web.FilterChainProxy        : Secured GET /error
2025-07-18T10:48:21.109+07:00 DEBUG 11936 --- [http-nio-8080-exec-7] o.s.security.web.FilterChainProxy        : Secured GET /error
2025-07-18T10:48:21.109+07:00 DEBUG 11936 --- [http-nio-8080-exec-6] o.s.s.w.a.AnonymousAuthenticationFilter  : Set SecurityContextHolder to anonymous SecurityContext
2025-07-18T10:48:21.117+07:00 DEBUG 11936 --- [http-nio-8080-exec-7] o.s.s.w.a.AnonymousAuthenticationFilter  : Set SecurityContextHolder to anonymous SecurityContext
2025-07-18T10:48:22.280+07:00 DEBUG 11936 --- [http-nio-8080-exec-8] o.s.security.web.FilterChainProxy        : Securing GET /homepage/data
2025-07-18T10:48:22.280+07:00 DEBUG 11936 --- [http-nio-8080-exec-9] o.s.security.web.FilterChainProxy        : Securing GET /homepage/data
2025-07-18T10:48:22.288+07:00 DEBUG 11936 --- [http-nio-8080-exec-8] o.s.s.w.a.AnonymousAuthenticationFilter  : Set SecurityContextHolder to anonymous SecurityContext
2025-07-18T10:48:22.288+07:00 DEBUG 11936 --- [http-nio-8080-exec-9] o.s.s.w.a.AnonymousAuthenticationFilter  : Set SecurityContextHolder to anonymous SecurityContext
2025-07-18T10:48:22.288+07:00 DEBUG 11936 --- [http-nio-8080-exec-8] o.s.security.web.FilterChainProxy        : Secured GET /homepage/data
2025-07-18T10:48:22.288+07:00 DEBUG 11936 --- [http-nio-8080-exec-9] o.s.security.web.FilterChainProxy        : Secured GET /homepage/data
2025-07-18T10:48:36.931+07:00 DEBUG 11936 --- [http-nio-8080-exec-1] o.s.security.web.FilterChainProxy        : Securing POST /auth/login
2025-07-18T10:48:36.939+07:00 DEBUG 11936 --- [http-nio-8080-exec-1] o.s.s.w.a.AnonymousAuthenticationFilter  : Set SecurityContextHolder to anonymous SecurityContext
2025-07-18T10:48:36.939+07:00 DEBUG 11936 --- [http-nio-8080-exec-1] o.s.security.web.FilterChainProxy        : Secured POST /auth/login
2025-07-18T10:48:37.428+07:00 DEBUG 11936 --- [http-nio-8080-exec-1] o.s.s.a.dao.DaoAuthenticationProvider    : Failed to authenticate since password does not match stored value
2025-07-18T10:48:45.054+07:00 DEBUG 11936 --- [http-nio-8080-exec-10] o.s.security.web.FilterChainProxy        : Securing POST /auth/login
2025-07-18T10:48:45.062+07:00 DEBUG 11936 --- [http-nio-8080-exec-10] o.s.s.w.a.AnonymousAuthenticationFilter  : Set SecurityContextHolder to anonymous SecurityContext
2025-07-18T10:48:45.062+07:00 DEBUG 11936 --- [http-nio-8080-exec-10] o.s.security.web.FilterChainProxy        : Secured POST /auth/login
2025-07-18T10:48:57.586+07:00 DEBUG 11936 --- [http-nio-8080-exec-3] o.s.security.web.FilterChainProxy        : Securing POST /auth/login
2025-07-18T10:48:57.594+07:00 DEBUG 11936 --- [http-nio-8080-exec-3] o.s.s.w.a.AnonymousAuthenticationFilter  : Set SecurityContextHolder to anonymous SecurityContext
2025-07-18T10:48:57.594+07:00 DEBUG 11936 --- [http-nio-8080-exec-3] o.s.security.web.FilterChainProxy        : Secured POST /auth/login
2025-07-18T10:48:58.540+07:00 DEBUG 11936 --- [http-nio-8080-exec-2] o.s.security.web.FilterChainProxy        : Securing POST /auth/login
2025-07-18T10:48:58.548+07:00 DEBUG 11936 --- [http-nio-8080-exec-2] o.s.s.w.a.AnonymousAuthenticationFilter  : Set SecurityContextHolder to anonymous SecurityContext
2025-07-18T10:48:58.548+07:00 DEBUG 11936 --- [http-nio-8080-exec-2] o.s.security.web.FilterChainProxy        : Secured POST /auth/login
2025-07-18T10:48:58.717+07:00 DEBUG 11936 --- [http-nio-8080-exec-4] o.s.security.web.FilterChainProxy        : Securing POST /auth/login
2025-07-18T10:48:58.725+07:00 DEBUG 11936 --- [http-nio-8080-exec-4] o.s.s.w.a.AnonymousAuthenticationFilter  : Set SecurityContextHolder to anonymous SecurityContext
2025-07-18T10:48:58.725+07:00 DEBUG 11936 --- [http-nio-8080-exec-4] o.s.security.web.FilterChainProxy        : Secured POST /auth/login
2025-07-18T10:48:58.889+07:00 DEBUG 11936 --- [http-nio-8080-exec-5] o.s.security.web.FilterChainProxy        : Securing POST /auth/login
2025-07-18T10:48:58.892+07:00 DEBUG 11936 --- [http-nio-8080-exec-5] o.s.s.w.a.AnonymousAuthenticationFilter  : Set SecurityContextHolder to anonymous SecurityContext
2025-07-18T10:48:58.892+07:00 DEBUG 11936 --- [http-nio-8080-exec-5] o.s.security.web.FilterChainProxy        : Secured POST /auth/login
2025-07-18T10:49:00.998+07:00 DEBUG 11936 --- [http-nio-8080-exec-6] o.s.security.web.FilterChainProxy        : Securing GET /homepage/data
2025-07-18T10:49:00.998+07:00 DEBUG 11936 --- [http-nio-8080-exec-7] o.s.security.web.FilterChainProxy        : Securing GET /homepage/data
2025-07-18T10:49:01.006+07:00 DEBUG 11936 --- [http-nio-8080-exec-6] o.s.s.w.a.AnonymousAuthenticationFilter  : Set SecurityContextHolder to anonymous SecurityContext
2025-07-18T10:49:01.006+07:00 DEBUG 11936 --- [http-nio-8080-exec-7] o.s.s.w.a.AnonymousAuthenticationFilter  : Set SecurityContextHolder to anonymous SecurityContext
2025-07-18T10:49:01.014+07:00 DEBUG 11936 --- [http-nio-8080-exec-7] o.s.security.web.FilterChainProxy        : Secured GET /homepage/data
2025-07-18T10:49:01.014+07:00 DEBUG 11936 --- [http-nio-8080-exec-6] o.s.security.web.FilterChainProxy        : Secured GET /homepage/data
2025-07-18T10:49:17.160+07:00 DEBUG 11936 --- [http-nio-8080-exec-8] o.s.security.web.FilterChainProxy        : Securing GET /surveys/public
2025-07-18T10:49:17.160+07:00 DEBUG 11936 --- [http-nio-8080-exec-9] o.s.security.web.FilterChainProxy        : Securing GET /surveys/public
2025-07-18T10:49:17.168+07:00 DEBUG 11936 --- [http-nio-8080-exec-9] o.s.s.w.a.AnonymousAuthenticationFilter  : Set SecurityContextHolder to anonymous SecurityContext
2025-07-18T10:49:17.176+07:00 DEBUG 11936 --- [http-nio-8080-exec-8] o.s.s.w.a.AnonymousAuthenticationFilter  : Set SecurityContextHolder to anonymous SecurityContext
2025-07-18T10:49:17.176+07:00 DEBUG 11936 --- [http-nio-8080-exec-9] o.s.security.web.FilterChainProxy        : Secured GET /surveys/public
2025-07-18T10:49:17.176+07:00 DEBUG 11936 --- [http-nio-8080-exec-8] o.s.security.web.FilterChainProxy        : Secured GET /surveys/public
2025-07-18T10:49:19.401+07:00 DEBUG 11936 --- [http-nio-8080-exec-2] o.s.security.web.FilterChainProxy        : Securing GET /blog/categories
2025-07-18T10:49:19.401+07:00 DEBUG 11936 --- [http-nio-8080-exec-3] o.s.security.web.FilterChainProxy        : Securing GET /blog/public?page=0&size=10
2025-07-18T10:49:19.401+07:00 DEBUG 11936 --- [http-nio-8080-exec-1] o.s.security.web.FilterChainProxy        : Securing GET /blog/public?page=0&size=10
2025-07-18T10:49:19.401+07:00 DEBUG 11936 --- [http-nio-8080-exec-10] o.s.security.web.FilterChainProxy        : Securing GET /blog/categories
2025-07-18T10:49:19.409+07:00 DEBUG 11936 --- [http-nio-8080-exec-2] o.s.s.w.a.AnonymousAuthenticationFilter  : Set SecurityContextHolder to anonymous SecurityContext
2025-07-18T10:49:19.409+07:00 DEBUG 11936 --- [http-nio-8080-exec-2] o.s.security.web.FilterChainProxy        : Secured GET /blog/categories
2025-07-18T10:49:19.409+07:00 DEBUG 11936 --- [http-nio-8080-exec-10] o.s.s.w.a.AnonymousAuthenticationFilter  : Set SecurityContextHolder to anonymous SecurityContext
2025-07-18T10:49:19.417+07:00 DEBUG 11936 --- [http-nio-8080-exec-1] o.s.s.w.a.AnonymousAuthenticationFilter  : Set SecurityContextHolder to anonymous SecurityContext
2025-07-18T10:49:19.417+07:00 DEBUG 11936 --- [http-nio-8080-exec-3] o.s.s.w.a.AnonymousAuthenticationFilter  : Set SecurityContextHolder to anonymous SecurityContext
2025-07-18T10:49:19.417+07:00 DEBUG 11936 --- [http-nio-8080-exec-10] o.s.security.web.FilterChainProxy        : Secured GET /blog/categories
2025-07-18T10:49:19.425+07:00 DEBUG 11936 --- [http-nio-8080-exec-1] o.s.security.web.FilterChainProxy        : Secured GET /blog/public?page=0&size=10
2025-07-18T10:49:19.425+07:00 DEBUG 11936 --- [http-nio-8080-exec-3] o.s.security.web.FilterChainProxy        : Secured GET /blog/public?page=0&size=10
2025-07-18T10:49:20.204+07:00 DEBUG 11936 --- [http-nio-8080-exec-4] o.s.security.web.FilterChainProxy        : Securing GET /consultations/consultants
2025-07-18T10:49:20.204+07:00 DEBUG 11936 --- [http-nio-8080-exec-5] o.s.security.web.FilterChainProxy        : Securing GET /consultations/consultants
2025-07-18T10:49:20.204+07:00 DEBUG 11936 --- [http-nio-8080-exec-5] o.s.s.w.a.AnonymousAuthenticationFilter  : Set SecurityContextHolder to anonymous SecurityContext
2025-07-18T10:49:20.204+07:00 DEBUG 11936 --- [http-nio-8080-exec-4] o.s.s.w.a.AnonymousAuthenticationFilter  : Set SecurityContextHolder to anonymous SecurityContext
2025-07-18T10:49:20.212+07:00 DEBUG 11936 --- [http-nio-8080-exec-4] o.s.security.web.FilterChainProxy        : Securing GET /error
2025-07-18T10:49:20.212+07:00 DEBUG 11936 --- [http-nio-8080-exec-5] o.s.security.web.FilterChainProxy        : Securing GET /error
2025-07-18T10:49:20.212+07:00 DEBUG 11936 --- [http-nio-8080-exec-4] o.s.security.web.FilterChainProxy        : Secured GET /error
2025-07-18T10:49:20.212+07:00 DEBUG 11936 --- [http-nio-8080-exec-5] o.s.security.web.FilterChainProxy        : Secured GET /error
2025-07-18T10:49:20.220+07:00 DEBUG 11936 --- [http-nio-8080-exec-5] o.s.s.w.a.AnonymousAuthenticationFilter  : Set SecurityContextHolder to anonymous SecurityContext
2025-07-18T10:49:20.220+07:00 DEBUG 11936 --- [http-nio-8080-exec-4] o.s.s.w.a.AnonymousAuthenticationFilter  : Set SecurityContextHolder to anonymous SecurityContext
2025-07-18T10:49:21.099+07:00 DEBUG 11936 --- [http-nio-8080-exec-7] o.s.security.web.FilterChainProxy        : Securing GET /courses?page=0&size=9
2025-07-18T10:49:21.099+07:00 DEBUG 11936 --- [http-nio-8080-exec-6] o.s.security.web.FilterChainProxy        : Securing GET /courses?page=0&size=9
2025-07-18T10:49:21.107+07:00 DEBUG 11936 --- [http-nio-8080-exec-7] o.s.s.w.a.AnonymousAuthenticationFilter  : Set SecurityContextHolder to anonymous SecurityContext
2025-07-18T10:49:21.107+07:00 DEBUG 11936 --- [http-nio-8080-exec-6] o.s.s.w.a.AnonymousAuthenticationFilter  : Set SecurityContextHolder to anonymous SecurityContext
2025-07-18T10:49:21.107+07:00 DEBUG 11936 --- [http-nio-8080-exec-7] o.s.security.web.FilterChainProxy        : Secured GET /courses?page=0&size=9
2025-07-18T10:49:21.107+07:00 DEBUG 11936 --- [http-nio-8080-exec-6] o.s.security.web.FilterChainProxy        : Secured GET /courses?page=0&size=9
2025-07-18T10:49:22.643+07:00 DEBUG 11936 --- [http-nio-8080-exec-8] o.s.security.web.FilterChainProxy        : Securing GET /courses?page=0&size=9
2025-07-18T10:49:22.643+07:00 DEBUG 11936 --- [http-nio-8080-exec-9] o.s.security.web.FilterChainProxy        : Securing GET /courses?page=0&size=9
2025-07-18T10:49:22.651+07:00 DEBUG 11936 --- [http-nio-8080-exec-8] o.s.s.w.a.AnonymousAuthenticationFilter  : Set SecurityContextHolder to anonymous SecurityContext
2025-07-18T10:49:22.659+07:00 DEBUG 11936 --- [http-nio-8080-exec-8] o.s.security.web.FilterChainProxy        : Secured GET /courses?page=0&size=9
2025-07-18T10:49:22.659+07:00 DEBUG 11936 --- [http-nio-8080-exec-9] o.s.s.w.a.AnonymousAuthenticationFilter  : Set SecurityContextHolder to anonymous SecurityContext
2025-07-18T10:49:22.667+07:00 DEBUG 11936 --- [http-nio-8080-exec-9] o.s.security.web.FilterChainProxy        : Secured GET /courses?page=0&size=9
2025-07-18T10:49:23.281+07:00 DEBUG 11936 --- [http-nio-8080-exec-10] o.s.security.web.FilterChainProxy        : Securing GET /consultations/consultants
2025-07-18T10:49:23.281+07:00 DEBUG 11936 --- [http-nio-8080-exec-2] o.s.security.web.FilterChainProxy        : Securing GET /consultations/consultants
2025-07-18T10:49:23.289+07:00 DEBUG 11936 --- [http-nio-8080-exec-10] o.s.s.w.a.AnonymousAuthenticationFilter  : Set SecurityContextHolder to anonymous SecurityContext
2025-07-18T10:49:23.297+07:00 DEBUG 11936 --- [http-nio-8080-exec-2] o.s.s.w.a.AnonymousAuthenticationFilter  : Set SecurityContextHolder to anonymous SecurityContext
2025-07-18T10:49:23.297+07:00 DEBUG 11936 --- [http-nio-8080-exec-10] o.s.security.web.FilterChainProxy        : Securing GET /error
2025-07-18T10:49:23.297+07:00 DEBUG 11936 --- [http-nio-8080-exec-2] o.s.security.web.FilterChainProxy        : Securing GET /error
2025-07-18T10:49:23.297+07:00 DEBUG 11936 --- [http-nio-8080-exec-10] o.s.security.web.FilterChainProxy        : Secured GET /error
2025-07-18T10:49:23.305+07:00 DEBUG 11936 --- [http-nio-8080-exec-2] o.s.security.web.FilterChainProxy        : Secured GET /error
2025-07-18T10:49:23.305+07:00 DEBUG 11936 --- [http-nio-8080-exec-2] o.s.s.w.a.AnonymousAuthenticationFilter  : Set SecurityContextHolder to anonymous SecurityContext
2025-07-18T10:49:23.305+07:00 DEBUG 11936 --- [http-nio-8080-exec-10] o.s.s.w.a.AnonymousAuthenticationFilter  : Set SecurityContextHolder to anonymous SecurityContext
2025-07-18T10:49:24.209+07:00 DEBUG 11936 --- [http-nio-8080-exec-3] o.s.security.web.FilterChainProxy        : Securing GET /blog/categories
2025-07-18T10:49:24.209+07:00 DEBUG 11936 --- [http-nio-8080-exec-1] o.s.security.web.FilterChainProxy        : Securing GET /blog/public?page=0&size=10
2025-07-18T10:49:24.209+07:00 DEBUG 11936 --- [http-nio-8080-exec-4] o.s.security.web.FilterChainProxy        : Securing GET /blog/categories
2025-07-18T10:49:24.209+07:00 DEBUG 11936 --- [http-nio-8080-exec-5] o.s.security.web.FilterChainProxy        : Securing GET /blog/public?page=0&size=10
2025-07-18T10:49:24.217+07:00 DEBUG 11936 --- [http-nio-8080-exec-3] o.s.s.w.a.AnonymousAuthenticationFilter  : Set SecurityContextHolder to anonymous SecurityContext
2025-07-18T10:49:24.217+07:00 DEBUG 11936 --- [http-nio-8080-exec-4] o.s.s.w.a.AnonymousAuthenticationFilter  : Set SecurityContextHolder to anonymous SecurityContext
2025-07-18T10:49:24.225+07:00 DEBUG 11936 --- [http-nio-8080-exec-1] o.s.s.w.a.AnonymousAuthenticationFilter  : Set SecurityContextHolder to anonymous SecurityContext
2025-07-18T10:49:24.225+07:00 DEBUG 11936 --- [http-nio-8080-exec-3] o.s.security.web.FilterChainProxy        : Secured GET /blog/categories
2025-07-18T10:49:24.225+07:00 DEBUG 11936 --- [http-nio-8080-exec-5] o.s.s.w.a.AnonymousAuthenticationFilter  : Set SecurityContextHolder to anonymous SecurityContext
2025-07-18T10:49:24.225+07:00 DEBUG 11936 --- [http-nio-8080-exec-4] o.s.security.web.FilterChainProxy        : Secured GET /blog/categories
2025-07-18T10:49:24.233+07:00 DEBUG 11936 --- [http-nio-8080-exec-1] o.s.security.web.FilterChainProxy        : Secured GET /blog/public?page=0&size=10
2025-07-18T10:49:24.233+07:00 DEBUG 11936 --- [http-nio-8080-exec-5] o.s.security.web.FilterChainProxy        : Secured GET /blog/public?page=0&size=10
2025-07-18T10:49:25.067+07:00 DEBUG 11936 --- [http-nio-8080-exec-6] o.s.security.web.FilterChainProxy        : Securing GET /surveys/public
2025-07-18T10:49:25.067+07:00 DEBUG 11936 --- [http-nio-8080-exec-7] o.s.security.web.FilterChainProxy        : Securing GET /surveys/public
2025-07-18T10:49:25.075+07:00 DEBUG 11936 --- [http-nio-8080-exec-7] o.s.s.w.a.AnonymousAuthenticationFilter  : Set SecurityContextHolder to anonymous SecurityContext
2025-07-18T10:49:25.075+07:00 DEBUG 11936 --- [http-nio-8080-exec-6] o.s.s.w.a.AnonymousAuthenticationFilter  : Set SecurityContextHolder to anonymous SecurityContext
2025-07-18T10:49:25.075+07:00 DEBUG 11936 --- [http-nio-8080-exec-7] o.s.security.web.FilterChainProxy        : Secured GET /surveys/public
2025-07-18T10:49:25.075+07:00 DEBUG 11936 --- [http-nio-8080-exec-6] o.s.security.web.FilterChainProxy        : Secured GET /surveys/public
2025-07-18T10:49:26.170+07:00 DEBUG 11936 --- [http-nio-8080-exec-8] o.s.security.web.FilterChainProxy        : Securing GET /homepage/data
2025-07-18T10:49:26.170+07:00 DEBUG 11936 --- [http-nio-8080-exec-9] o.s.security.web.FilterChainProxy        : Securing GET /homepage/data
2025-07-18T10:49:26.178+07:00 DEBUG 11936 --- [http-nio-8080-exec-9] o.s.s.w.a.AnonymousAuthenticationFilter  : Set SecurityContextHolder to anonymous SecurityContext
2025-07-18T10:49:26.178+07:00 DEBUG 11936 --- [http-nio-8080-exec-8] o.s.s.w.a.AnonymousAuthenticationFilter  : Set SecurityContextHolder to anonymous SecurityContext
2025-07-18T10:49:26.186+07:00 DEBUG 11936 --- [http-nio-8080-exec-9] o.s.security.web.FilterChainProxy        : Secured GET /homepage/data
2025-07-18T10:49:26.186+07:00 DEBUG 11936 --- [http-nio-8080-exec-8] o.s.security.web.FilterChainProxy        : Secured GET /homepage/data
